<?xml version="1.0" encoding="UTF-8"?>
<!-- Generated by org.testng.reporters.JUnitReportReporter -->
<testsuite hostname="giangvo" failures="0" tests="1" name="testcases.TestLogin" time="3.937" errors="0" timestamp="2023-10-13T11:06:55 EDT" skipped="0">
  <testcase classname="testcases.TestLogin" name="testLoginFromRegister" time="3.937"/>
</testsuite> <!-- testcases.TestLogin -->
