<?xml version="1.0" encoding="UTF-8"?>
<!-- Generated by org.testng.reporters.JUnitReportReporter -->
<testsuite hostname="giangvo" failures="0" tests="7" name="testcases.TestSearch" time="102.899" errors="0" timestamp="2023-10-13T11:15:25 EDT" skipped="0">
  <testcase classname="testcases.TestSearch" name="testSearch" time="23.403"/>
  <testcase classname="testcases.TestSearch" name="testSearch" time="3.188"/>
  <testcase classname="testcases.TestSearch" name="testSearch" time="24.032"/>
  <testcase classname="testcases.TestSearch" name="testSearch" time="3.181"/>
  <testcase classname="testcases.TestSearch" name="testSearch" time="22.620"/>
  <testcase classname="testcases.TestSearch" name="testSearch" time="23.215"/>
  <testcase classname="testcases.TestSearch" name="testSearch" time="3.260"/>
</testsuite> <!-- testcases.TestSearch -->
