<?xml version="1.0" encoding="UTF-8"?>
<!-- Generated by org.testng.reporters.JUnitReportReporter -->
<testsuite hostname="giangvo" failures="0" tests="6" name="testcases.TestRegister" time="44.474" errors="0" timestamp="2023-10-13T11:10:12 EDT" skipped="0">
  <testcase classname="testcases.TestRegister" name="registerTestSucces" time="8.400"/>
  <testcase classname="testcases.TestRegister" name="registerWithAllFieldEmpty" time="6.388"/>
  <testcase classname="testcases.TestRegister" name="registerWithEmptyFirstName" time="6.406"/>
  <testcase classname="testcases.TestRegister" name="registerWithEmailDejaExist" time="6.473"/>
  <testcase classname="testcases.TestRegister" name="registerWithInValidEmail" time="6.465"/>
  <testcase classname="testcases.TestRegister" name="registerWithNewLetterSucces" time="10.342"/>
</testsuite> <!-- testcases.TestRegister -->
